# JRE version: Java(TM) SE Runtime Environment (7.0_79-b15) (build 1.7.0_79-b15)
# Java VM: Java HotSpot(TM) 64-Bit Server VM (24.79-b02 mixed mode bsd-amd64 compressed oops)
Heap
 PSYoungGen      total 767488K, used 767106K [0x00000007aaa80000, 0x00000007f9f00000, 0x0000000800000000)
  eden space 739328K, 99% used [0x00000007aaa80000,0x00000007d7c28f80,0x00000007d7c80000)
  from space 28160K, 99% used [0x00000007f6e80000,0x00000007f89f7880,0x00000007f8a00000)
  to   space 21504K, 39% used [0x00000007f8a00000,0x00000007f9264860,0x00000007f9f00000)
 ParOldGen       total 1119744K, used 1487185K [0x0000000700000000, 0x0000000744580000, 0x00000007aaa80000)
  object space 1119744K, 132% used [0x0000000700000000,0x000000075ac54670,0x0000000744580000)
 PSPermGen       total 21504K, used 8606K [0x00000006fae00000, 0x00000006fc300000, 0x0000000700000000)
  object space 21504K, 40% used [0x00000006fae00000,0x00000006fb667938,0x00000006fc300000)
GC Heap History (10 events):
Event: 19.179 GC heap after
Heap after GC invocations=23 (full 2):
 PSYoungGen      total 614400K, used 606918K [0x00000007aaa80000, 0x00000007fa580000, 0x0000000800000000)
  eden space 607232K, 99% used [0x00000007aaa80000,0x00000007cfb31980,0x00000007cfb80000)
  from space 7168K, 0% used [0x00000007f9e80000,0x00000007f9e80000,0x00000007fa580000)
  to   space 28160K, 99% used [0x00000007f6e80000,0x00000007f89f7880,0x00000007f8a00000)
 ParOldGen       total 706048K, used 705904K [0x0000000700000000, 0x000000072b180000, 0x00000007aaa80000)
  object space 706048K, 99% used [0x0000000700000000,0x000000072b15c170,0x000000072b180000)
 PSPermGen       total 21504K, used 8606K [0x00000006fae00000, 0x00000006fc300000, 0x0000000700000000)
  object space 21504K, 40% used [0x00000006fae00000,0x00000006fb667938,0x00000006fc300000)
}
Event: 19.179 GC heap before
{Heap before GC invocations=24 (full 3):
 PSYoungGen      total 614400K, used 606918K [0x00000007aaa80000, 0x00000007fa580000, 0x0000000800000000)
  eden space 607232K, 99% used [0x00000007aaa80000,0x00000007cfb31980,0x00000007cfb80000)
  from space 7168K, 0% used [0x00000007f9e80000,0x00000007f9e80000,0x00000007fa580000)
  to   space 28160K, 99% used [0x00000007f6e80000,0x00000007f89f7880,0x00000007f8a00000)
 ParOldGen       total 706048K, used 705904K [0x0000000700000000, 0x000000072b180000, 0x00000007aaa80000)
  object space 706048K, 99% used [0x0000000700000000,0x000000072b15c170,0x000000072b180000)
 PSPermGen       total 21504K, used 8606K [0x00000006fae00000, 0x00000006fc300000, 0x0000000700000000)
  object space 21504K, 40% used [0x00000006fae00000,0x00000006fb667938,0x00000006fc300000)
Event: 19.244 GC heap after
Heap after GC invocations=24 (full 3):
 PSYoungGen      total 614400K, used 414469K [0x00000007aaa80000, 0x00000007fa580000, 0x0000000800000000)
  eden space 607232K, 68% used [0x00000007aaa80000,0x00000007c3f416d0,0x00000007cfb80000)
  from space 7168K, 0% used [0x00000007f9e80000,0x00000007f9e80000,0x00000007fa580000)
  to   space 28160K, 0% used [0x00000007f6e80000,0x00000007f6e80000,0x00000007f8a00000)
 ParOldGen       total 860672K, used 705904K [0x0000000700000000, 0x0000000734880000, 0x00000007aaa80000)
  object space 860672K, 82% used [0x0000000700000000,0x000000072b15c170,0x0000000734880000)
 PSPermGen       total 21504K, used 8606K [0x00000006fae00000, 0x00000006fc300000, 0x0000000700000000)
  object space 21504K, 40% used [0x00000006fae00000,0x00000006fb667938,0x00000006fc300000)
}
Event: 19.267 GC heap before
{Heap before GC invocations=25 (full 3):
 PSYoungGen      total 614400K, used 607042K [0x00000007aaa80000, 0x00000007fa580000, 0x0000000800000000)
  eden space 607232K, 99% used [0x00000007aaa80000,0x00000007cfb50b20,0x00000007cfb80000)
  from space 7168K, 0% used [0x00000007f9e80000,0x00000007f9e80000,0x00000007fa580000)
  to   space 28160K, 0% used [0x00000007f6e80000,0x00000007f6e80000,0x00000007f8a00000)
 ParOldGen       total 860672K, used 705904K [0x0000000700000000, 0x0000000734880000, 0x00000007aaa80000)
  object space 860672K, 82% used [0x0000000700000000,0x000000072b15c170,0x0000000734880000)
 PSPermGen       total 21504K, used 8606K [0x00000006fae00000, 0x00000006fc300000, 0x0000000700000000)
  object space 21504K, 40% used [0x00000006fae00000,0x00000006fb667938,0x00000006fc300000)
Event: 19.332 GC heap after
Heap after GC invocations=25 (full 3):
 PSYoungGen      total 614400K, used 607042K [0x00000007aaa80000, 0x00000007fa580000, 0x0000000800000000)
  eden space 607232K, 99% used [0x00000007aaa80000,0x00000007cfb50b20,0x00000007cfb80000)
  from space 7168K, 0% used [0x00000007f9e80000,0x00000007f9e80000,0x00000007fa580000)
  to   space 28160K, 99% used [0x00000007f6e80000,0x00000007f89f7880,0x00000007f8a00000)
 ParOldGen       total 908800K, used 908256K [0x0000000700000000, 0x0000000737780000, 0x00000007aaa80000)
  object space 908800K, 99% used [0x0000000700000000,0x00000007376f80d0,0x0000000737780000)
 PSPermGen       total 21504K, used 8606K [0x00000006fae00000, 0x00000006fc300000, 0x0000000700000000)
  object space 21504K, 40% used [0x00000006fae00000,0x00000006fb667938,0x00000006fc300000)
}
Event: 19.332 GC heap before
{Heap before GC invocations=26 (full 4):
 PSYoungGen      total 614400K, used 607042K [0x00000007aaa80000, 0x00000007fa580000, 0x0000000800000000)
  eden space 607232K, 99% used [0x00000007aaa80000,0x00000007cfb50b20,0x00000007cfb80000)
  from space 7168K, 0% used [0x00000007f9e80000,0x00000007f9e80000,0x00000007fa580000)
  to   space 28160K, 99% used [0x00000007f6e80000,0x00000007f89f7880,0x00000007f8a00000)
 ParOldGen       total 908800K, used 908256K [0x0000000700000000, 0x0000000737780000, 0x00000007aaa80000)
  object space 908800K, 99% used [0x0000000700000000,0x00000007376f80d0,0x0000000737780000)
 PSPermGen       total 21504K, used 8606K [0x00000006fae00000, 0x00000006fc300000, 0x0000000700000000)
  object space 21504K, 40% used [0x00000006fae00000,0x00000006fb667938,0x00000006fc300000)
Event: 19.398 GC heap after
Heap after GC invocations=26 (full 4):
 PSYoungGen      total 614400K, used 403922K [0x00000007aaa80000, 0x00000007fa580000, 0x0000000800000000)
  eden space 607232K, 66% used [0x00000007aaa80000,0x00000007c34f49a0,0x00000007cfb80000)
  from space 7168K, 0% used [0x00000007f9e80000,0x00000007f9e80000,0x00000007fa580000)
  to   space 28160K, 0% used [0x00000007f6e80000,0x00000007f6e80000,0x00000007f8a00000)
 ParOldGen       total 1109504K, used 908646K [0x0000000700000000, 0x0000000743b80000, 0x00000007aaa80000)
  object space 1109504K, 81% used [0x0000000700000000,0x0000000737759b60,0x0000000743b80000)
 PSPermGen       total 21504K, used 8606K [0x00000006fae00000, 0x00000006fc300000, 0x0000000700000000)
  object space 21504K, 40% used [0x00000006fae00000,0x00000006fb667938,0x00000006fc300000)
}
Event: 19.456 GC heap before
{Heap before GC invocations=27 (full 4):
 PSYoungGen      total 614400K, used 607013K [0x00000007aaa80000, 0x00000007fa580000, 0x0000000800000000)
  eden space 607232K, 99% used [0x00000007aaa80000,0x00000007cfb494b8,0x00000007cfb80000)
  from space 7168K, 0% used [0x00000007f9e80000,0x00000007f9e80000,0x00000007fa580000)
  to   space 28160K, 0% used [0x00000007f6e80000,0x00000007f6e80000,0x00000007f8a00000)
 ParOldGen       total 1109504K, used 908646K [0x0000000700000000, 0x0000000743b80000, 0x00000007aaa80000)
  object space 1109504K, 81% used [0x0000000700000000,0x0000000737759b60,0x0000000743b80000)
 PSPermGen       total 21504K, used 8606K [0x00000006fae00000, 0x00000006fc300000, 0x0000000700000000)
  object space 21504K, 40% used [0x00000006fae00000,0x00000006fb667938,0x00000006fc300000)
Event: 19.702 GC heap after
Heap after GC invocations=27 (full 4):
 PSYoungGen      total 767488K, used 28126K [0x00000007aaa80000, 0x00000007f9f00000, 0x0000000800000000)
  eden space 739328K, 0% used [0x00000007aaa80000,0x00000007aaa80000,0x00000007d7c80000)
  from space 28160K, 99% used [0x00000007f6e80000,0x00000007f89f7880,0x00000007f8a00000)
  to   space 21504K, 0% used [0x00000007f8a00000,0x00000007f8a00000,0x00000007f9f00000)
 ParOldGen       total 1119744K, used 1487185K [0x0000000700000000, 0x0000000744580000, 0x00000007aaa80000)
  object space 1119744K, 132% used [0x0000000700000000,0x000000075ac54670,0x0000000744580000)
 PSPermGen       total 21504K, used 8606K [0x00000006fae00000, 0x00000006fc300000, 0x0000000700000000)
  object space 21504K, 40% used [0x00000006fae00000,0x00000006fb667938,0x00000006fc300000)
}
Event: 19.795 GC heap before
{Heap before GC invocations=28 (full 4):
 PSYoungGen      total 767488K, used 767106K [0x00000007aaa80000, 0x00000007f9f00000, 0x0000000800000000)
  eden space 739328K, 99% used [0x00000007aaa80000,0x00000007d7c28f80,0x00000007d7c80000)
  from space 28160K, 99% used [0x00000007f6e80000,0x00000007f89f7880,0x00000007f8a00000)
  to   space 21504K, 0% used [0x00000007f8a00000,0x00000007f8a00000,0x00000007f9f00000)
 ParOldGen       total 1119744K, used 1487185K [0x0000000700000000, 0x0000000744580000, 0x00000007aaa80000)
  object space 1119744K, 132% used [0x0000000700000000,0x000000075ac54670,0x0000000744580000)
 PSPermGen       total 21504K, used 8606K [0x00000006fae00000, 0x00000006fc300000, 0x0000000700000000)
  object space 21504K, 40% used [0x00000006fae00000,0x00000006fb667938,0x00000006fc300000)

